# JRE version: Java(TM) SE Runtime Environment (8.0_291-b10) (build 1.8.0_291-b10)
# Java VM: Java HotSpot(TM) 64-Bit Server VM (25.291-b10 mixed mode windows-amd64 compressed oops)
Heap:
 PSYoungGen      total 250368K, used 50772K [0x00000000d5f80000, 0x00000000e6700000, 0x0000000100000000)
  eden space 231424K, 21% used [0x00000000d5f80000,0x00000000d9115218,0x00000000e4180000)
  from space 18944K, 0% used [0x00000000e4180000,0x00000000e4180000,0x00000000e5400000)
  to   space 18944K, 0% used [0x00000000e5480000,0x00000000e5480000,0x00000000e6700000)
 ParOldGen       total 101376K, used 20061K [0x0000000081e00000, 0x0000000088100000, 0x00000000d5f80000)
  object space 101376K, 19% used [0x0000000081e00000,0x00000000831974e0,0x0000000088100000)
 Metaspace       used 52686K, capacity 56724K, committed 56832K, reserved 1097728K
  class space    used 7452K, capacity 8153K, committed 8192K, reserved 1048576K
GC Heap History (10 events):
Event: 281.654 GC heap before
{Heap before GC invocations=11 (full 2):
 PSYoungGen      total 206848K, used 195584K [0x00000000d5f80000, 0x00000000e3a80000, 0x0000000100000000)
  eden space 195584K, 100% used [0x00000000d5f80000,0x00000000e1e80000,0x00000000e1e80000)
  from space 11264K, 0% used [0x00000000e2b80000,0x00000000e2b80000,0x00000000e3680000)
  to   space 13312K, 0% used [0x00000000e1e80000,0x00000000e1e80000,0x00000000e2b80000)
 ParOldGen       total 101376K, used 17594K [0x0000000081e00000, 0x0000000088100000, 0x00000000d5f80000)
  object space 101376K, 17% used [0x0000000081e00000,0x0000000082f2ea18,0x0000000088100000)
 Metaspace       used 50534K, capacity 54230K, committed 54400K, reserved 1095680K
  class space    used 7125K, capacity 7766K, committed 7808K, reserved 1048576K
Event: 281.676 GC heap after
Heap after GC invocations=11 (full 2):
 PSYoungGen      total 208896K, used 13311K [0x00000000d5f80000, 0x00000000e6600000, 0x0000000100000000)
  eden space 195584K, 0% used [0x00000000d5f80000,0x00000000d5f80000,0x00000000e1e80000)
  from space 13312K, 99% used [0x00000000e1e80000,0x00000000e2b7fd00,0x00000000e2b80000)
  to   space 18432K, 0% used [0x00000000e5400000,0x00000000e5400000,0x00000000e6600000)
 ParOldGen       total 101376K, used 26873K [0x0000000081e00000, 0x0000000088100000, 0x00000000d5f80000)
  object space 101376K, 26% used [0x0000000081e00000,0x000000008383e410,0x0000000088100000)
 Metaspace       used 50534K, capacity 54230K, committed 54400K, reserved 1095680K
  class space    used 7125K, capacity 7766K, committed 7808K, reserved 1048576K
}
Event: 433.805 GC heap before
{Heap before GC invocations=12 (full 2):
 PSYoungGen      total 208896K, used 56220K [0x00000000d5f80000, 0x00000000e6600000, 0x0000000100000000)
  eden space 195584K, 21% used [0x00000000d5f80000,0x00000000d8967470,0x00000000e1e80000)
  from space 13312K, 99% used [0x00000000e1e80000,0x00000000e2b7fd00,0x00000000e2b80000)
  to   space 18432K, 0% used [0x00000000e5400000,0x00000000e5400000,0x00000000e6600000)
 ParOldGen       total 101376K, used 26873K [0x0000000081e00000, 0x0000000088100000, 0x00000000d5f80000)
  object space 101376K, 26% used [0x0000000081e00000,0x000000008383e410,0x0000000088100000)
 Metaspace       used 52368K, capacity 56204K, committed 56448K, reserved 1097728K
  class space    used 7405K, capacity 8048K, committed 8064K, reserved 1048576K
Event: 433.816 GC heap after
Heap after GC invocations=12 (full 2):
 PSYoungGen      total 249856K, used 12021K [0x00000000d5f80000, 0x00000000e6700000, 0x0000000100000000)
  eden space 231424K, 0% used [0x00000000d5f80000,0x00000000d5f80000,0x00000000e4180000)
  from space 18432K, 65% used [0x00000000e5400000,0x00000000e5fbd4f0,0x00000000e6600000)
  to   space 18944K, 0% used [0x00000000e4180000,0x00000000e4180000,0x00000000e5400000)
 ParOldGen       total 101376K, used 26881K [0x0000000081e00000, 0x0000000088100000, 0x00000000d5f80000)
  object space 101376K, 26% used [0x0000000081e00000,0x0000000083840410,0x0000000088100000)
 Metaspace       used 52368K, capacity 56204K, committed 56448K, reserved 1097728K
  class space    used 7405K, capacity 8048K, committed 8064K, reserved 1048576K
}
Event: 433.816 GC heap before
{Heap before GC invocations=13 (full 3):
 PSYoungGen      total 249856K, used 12021K [0x00000000d5f80000, 0x00000000e6700000, 0x0000000100000000)
  eden space 231424K, 0% used [0x00000000d5f80000,0x00000000d5f80000,0x00000000e4180000)
  from space 18432K, 65% used [0x00000000e5400000,0x00000000e5fbd4f0,0x00000000e6600000)
  to   space 18944K, 0% used [0x00000000e4180000,0x00000000e4180000,0x00000000e5400000)
 ParOldGen       total 101376K, used 26881K [0x0000000081e00000, 0x0000000088100000, 0x00000000d5f80000)
  object space 101376K, 26% used [0x0000000081e00000,0x0000000083840410,0x0000000088100000)
 Metaspace       used 52368K, capacity 56204K, committed 56448K, reserved 1097728K
  class space    used 7405K, capacity 8048K, committed 8064K, reserved 1048576K
Event: 433.956 GC heap after
Heap after GC invocations=13 (full 3):
 PSYoungGen      total 249856K, used 0K [0x00000000d5f80000, 0x00000000e6700000, 0x0000000100000000)
  eden space 231424K, 0% used [0x00000000d5f80000,0x00000000d5f80000,0x00000000e4180000)
  from space 18432K, 0% used [0x00000000e5400000,0x00000000e5400000,0x00000000e6600000)
  to   space 18944K, 0% used [0x00000000e4180000,0x00000000e4180000,0x00000000e5400000)
 ParOldGen       total 101376K, used 21604K [0x0000000081e00000, 0x0000000088100000, 0x00000000d5f80000)
  object space 101376K, 21% used [0x0000000081e00000,0x0000000083319348,0x0000000088100000)
 Metaspace       used 52368K, capacity 56204K, committed 56448K, reserved 1097728K
  class space    used 7405K, capacity 8048K, committed 8064K, reserved 1048576K
}
Event: 437.578 GC heap before
{Heap before GC invocations=14 (full 3):
 PSYoungGen      total 249856K, used 145227K [0x00000000d5f80000, 0x00000000e6700000, 0x0000000100000000)
  eden space 231424K, 62% used [0x00000000d5f80000,0x00000000ded52df8,0x00000000e4180000)
  from space 18432K, 0% used [0x00000000e5400000,0x00000000e5400000,0x00000000e6600000)
  to   space 18944K, 0% used [0x00000000e4180000,0x00000000e4180000,0x00000000e5400000)
 ParOldGen       total 101376K, used 21604K [0x0000000081e00000, 0x0000000088100000, 0x00000000d5f80000)
  object space 101376K, 21% used [0x0000000081e00000,0x0000000083319348,0x0000000088100000)
 Metaspace       used 52634K, capacity 56576K, committed 56832K, reserved 1097728K
  class space    used 7440K, capacity 8109K, committed 8192K, reserved 1048576K
Event: 437.584 GC heap after
Heap after GC invocations=14 (full 3):
 PSYoungGen      total 250368K, used 4554K [0x00000000d5f80000, 0x00000000e6700000, 0x0000000100000000)
  eden space 231424K, 0% used [0x00000000d5f80000,0x00000000d5f80000,0x00000000e4180000)
  from space 18944K, 24% used [0x00000000e4180000,0x00000000e45f2998,0x00000000e5400000)
  to   space 18944K, 0% used [0x00000000e5480000,0x00000000e5480000,0x00000000e6700000)
 ParOldGen       total 101376K, used 21612K [0x0000000081e00000, 0x0000000088100000, 0x00000000d5f80000)
  object space 101376K, 21% used [0x0000000081e00000,0x000000008331b348,0x0000000088100000)
 Metaspace       used 52634K, capacity 56576K, committed 56832K, reserved 1097728K
  class space    used 7440K, capacity 8109K, committed 8192K, reserved 1048576K
}
Event: 437.585 GC heap before
{Heap before GC invocations=15 (full 4):
 PSYoungGen      total 250368K, used 4554K [0x00000000d5f80000, 0x00000000e6700000, 0x0000000100000000)
  eden space 231424K, 0% used [0x00000000d5f80000,0x00000000d5f80000,0x00000000e4180000)
  from space 18944K, 24% used [0x00000000e4180000,0x00000000e45f2998,0x00000000e5400000)
  to   space 18944K, 0% used [0x00000000e5480000,0x00000000e5480000,0x00000000e6700000)
 ParOldGen       total 101376K, used 21612K [0x0000000081e00000, 0x0000000088100000, 0x00000000d5f80000)
  object space 101376K, 21% used [0x0000000081e00000,0x000000008331b348,0x0000000088100000)
 Metaspace       used 52634K, capacity 56576K, committed 56832K, reserved 1097728K
  class space    used 7440K, capacity 8109K, committed 8192K, reserved 1048576K
Event: 437.729 GC heap after
Heap after GC invocations=15 (full 4):
 PSYoungGen      total 250368K, used 0K [0x00000000d5f80000, 0x00000000e6700000, 0x0000000100000000)
  eden space 231424K, 0% used [0x00000000d5f80000,0x00000000d5f80000,0x00000000e4180000)
  from space 18944K, 0% used [0x00000000e4180000,0x00000000e4180000,0x00000000e5400000)
  to   space 18944K, 0% used [0x00000000e5480000,0x00000000e5480000,0x00000000e6700000)
 ParOldGen       total 101376K, used 20061K [0x0000000081e00000, 0x0000000088100000, 0x00000000d5f80000)
  object space 101376K, 19% used [0x0000000081e00000,0x00000000831974e0,0x0000000088100000)
 Metaspace       used 52634K, capacity 56576K, committed 56832K, reserved 1097728K
  class space    used 7440K, capacity 8109K, committed 8192K, reserved 1048576K
}

